This is pdfTeX, Version 3.14159265-2.6-1.40.17 (TeX Live 2016) (preloaded format=pdflatex 2016.9.1)  17 JAN 2018 17:20
entering extended mode
 restricted \write18 enabled.
 %&-line parsing enabled.
**document.tex
(./document.tex
LaTeX2e <2016/03/31>
Babel <3.9r> and hyphenation patterns for 83 language(s) loaded.
(/usr/local/texlive/2016/texmf-dist/tex/latex/base/article.cls
Document Class: article 2014/09/29 v1.4h Standard LaTeX document class
(/usr/local/texlive/2016/texmf-dist/tex/latex/base/size10.clo
File: size10.clo 2014/09/29 v1.4h Standard LaTeX file (size option)
)
\c@part=\count79
\c@section=\count80
\c@subsection=\count81
\c@subsubsection=\count82
\c@paragraph=\count83
\c@subparagraph=\count84
\c@figure=\count85
\c@table=\count86
\abovecaptionskip=\skip41
\belowcaptionskip=\skip42
\bibindent=\dimen102
)
(./nips15submit_e.sty
(/usr/local/texlive/2016/texmf-dist/tex/latex/eso-pic/eso-pic.sty
Package: eso-pic 2015/07/21 v2.0g eso-pic (RN)

(/usr/local/texlive/2016/texmf-dist/tex/generic/oberdiek/atbegshi.sty
Package: atbegshi 2016/05/16 v1.17 At begin shipout hook (HO)

(/usr/local/texlive/2016/texmf-dist/tex/generic/oberdiek/infwarerr.sty
Package: infwarerr 2016/05/16 v1.4 Providing info/warning/error messages (HO)
)
(/usr/local/texlive/2016/texmf-dist/tex/generic/oberdiek/ltxcmds.sty
Package: ltxcmds 2016/05/16 v1.23 LaTeX kernel commands for general use (HO)
)
(/usr/local/texlive/2016/texmf-dist/tex/generic/oberdiek/ifpdf.sty
Package: ifpdf 2016/05/14 v3.1 Provides the ifpdf switch
))
(/usr/local/texlive/2016/texmf-dist/tex/latex/graphics/keyval.sty
Package: keyval 2014/10/28 v1.15 key=value parser (DPC)
\KV@toks@=\toks14
)
(/usr/local/texlive/2016/texmf-dist/tex/latex/xcolor/xcolor.sty
Package: xcolor 2016/05/11 v2.12 LaTeX color extensions (UK)

(/usr/local/texlive/2016/texmf-dist/tex/latex/graphics-cfg/color.cfg
File: color.cfg 2016/01/02 v1.6 sample color configuration
)
Package xcolor Info: Driver file: pdftex.def on input line 225.

(/usr/local/texlive/2016/texmf-dist/tex/latex/pdftex-def/pdftex.def
File: pdftex.def 2011/05/27 v0.06d Graphics/color for pdfTeX
\Gread@gobject=\count87
)
Package xcolor Info: Model `cmy' substituted by `cmy0' on input line 1348.
Package xcolor Info: Model `hsb' substituted by `rgb' on input line 1352.
Package xcolor Info: Model `RGB' extended on input line 1364.
Package xcolor Info: Model `HTML' substituted by `rgb' on input line 1366.
Package xcolor Info: Model `Hsb' substituted by `hsb' on input line 1367.
Package xcolor Info: Model `tHsb' substituted by `hsb' on input line 1368.
Package xcolor Info: Model `HSB' substituted by `hsb' on input line 1369.
Package xcolor Info: Model `Gray' substituted by `gray' on input line 1370.
Package xcolor Info: Model `wave' substituted by `hsb' on input line 1371.
))
\nipsrulerbox=\box26
\nipsrulercount=\count88
\nipsruleroffset=\dimen103
\cv@lineheight=\dimen104
\cv@boxheight=\dimen105
\cv@tmpbox=\box27
\cv@refno=\count89
\cv@tot=\count90
\cv@tmpc@=\count91
\cv@tmpc=\count92
)
(/usr/local/texlive/2016/texmf-dist/tex/latex/psnfss/times.sty
Package: times 2005/04/12 PSNFSS-v9.2a (SPQR) 
)
(/usr/local/texlive/2016/texmf-dist/tex/latex/hyperref/hyperref.sty
Package: hyperref 2016/05/05 v6.83n Hypertext links for LaTeX

(/usr/local/texlive/2016/texmf-dist/tex/generic/oberdiek/hobsub-hyperref.sty
Package: hobsub-hyperref 2016/05/16 v1.14 Bundle oberdiek, subset hyperref (HO)


(/usr/local/texlive/2016/texmf-dist/tex/generic/oberdiek/hobsub-generic.sty
Package: hobsub-generic 2016/05/16 v1.14 Bundle oberdiek, subset generic (HO)
Package: hobsub 2016/05/16 v1.14 Construct package bundles (HO)
Package hobsub Info: Skipping package `infwarerr' (already loaded).
Package hobsub Info: Skipping package `ltxcmds' (already loaded).
Package: ifluatex 2016/05/16 v1.4 Provides the ifluatex switch (HO)
Package ifluatex Info: LuaTeX not detected.
Package: ifvtex 2016/05/16 v1.6 Detect VTeX and its facilities (HO)
Package ifvtex Info: VTeX not detected.
Package: intcalc 2016/05/16 v1.2 Expandable calculations with integers (HO)
Package hobsub Info: Skipping package `ifpdf' (already loaded).
Package: etexcmds 2016/05/16 v1.6 Avoid name clashes with e-TeX commands (HO)
Package etexcmds Info: Could not find \expanded.
(etexcmds)             That can mean that you are not using pdfTeX 1.50 or
(etexcmds)             that some package has redefined \expanded.
(etexcmds)             In the latter case, load this package earlier.
Package: kvsetkeys 2016/05/16 v1.17 Key value parser (HO)
Package: kvdefinekeys 2016/05/16 v1.4 Define keys (HO)
Package: pdftexcmds 2016/05/10 v0.21 Utility functions of pdfTeX for LuaTeX (HO
)
Package pdftexcmds Info: LuaTeX not detected.
Package pdftexcmds Info: \pdf@primitive is available.
Package pdftexcmds Info: \pdf@ifprimitive is available.
Package pdftexcmds Info: \pdfdraftmode found.
Package: pdfescape 2016/05/16 v1.14 Implements pdfTeX's escape features (HO)
Package: bigintcalc 2016/05/16 v1.4 Expandable calculations on big integers (HO
)
Package: bitset 2016/05/16 v1.2 Handle bit-vector datatype (HO)
Package: uniquecounter 2016/05/16 v1.3 Provide unlimited unique counter (HO)
)
Package hobsub Info: Skipping package `hobsub' (already loaded).
Package: letltxmacro 2016/05/16 v1.5 Let assignment for LaTeX macros (HO)
Package: hopatch 2016/05/16 v1.3 Wrapper for package hooks (HO)
Package: xcolor-patch 2016/05/16 xcolor patch
Package: atveryend 2016/05/16 v1.9 Hooks at the very end of document (HO)
Package atveryend Info: \enddocument detected (standard20110627).
Package hobsub Info: Skipping package `atbegshi' (already loaded).
Package: refcount 2016/05/16 v3.5 Data extraction from label references (HO)
Package: hycolor 2016/05/16 v1.8 Color options for hyperref/bookmark (HO)
)
(/usr/local/texlive/2016/texmf-dist/tex/generic/ifxetex/ifxetex.sty
Package: ifxetex 2010/09/12 v0.6 Provides ifxetex conditional
)
(/usr/local/texlive/2016/texmf-dist/tex/latex/oberdiek/auxhook.sty
Package: auxhook 2016/05/16 v1.4 Hooks for auxiliary files (HO)
)
(/usr/local/texlive/2016/texmf-dist/tex/latex/oberdiek/kvoptions.sty
Package: kvoptions 2016/05/16 v3.12 Key value format for package options (HO)
)
\@linkdim=\dimen106
\Hy@linkcounter=\count93
\Hy@pagecounter=\count94

(/usr/local/texlive/2016/texmf-dist/tex/latex/hyperref/pd1enc.def
File: pd1enc.def 2016/05/05 v6.83n Hyperref: PDFDocEncoding definition (HO)
)
\Hy@SavedSpaceFactor=\count95

(/usr/local/texlive/2016/texmf-dist/tex/latex/latexconfig/hyperref.cfg
File: hyperref.cfg 2002/06/06 v1.2 hyperref configuration of TeXLive
)
Package hyperref Info: Hyper figures OFF on input line 4446.
Package hyperref Info: Link nesting OFF on input line 4451.
Package hyperref Info: Hyper index ON on input line 4454.
Package hyperref Info: Plain pages OFF on input line 4461.
Package hyperref Info: Backreferencing OFF on input line 4466.
Package hyperref Info: Implicit mode ON; LaTeX internals redefined.
Package hyperref Info: Bookmarks ON on input line 4691.
\c@Hy@tempcnt=\count96

(/usr/local/texlive/2016/texmf-dist/tex/latex/url/url.sty
\Urlmuskip=\muskip10
Package: url 2013/09/16  ver 3.4  Verb mode for urls, etc.
)
LaTeX Info: Redefining \url on input line 5044.
\XeTeXLinkMargin=\dimen107
\Fld@menulength=\count97
\Field@Width=\dimen108
\Fld@charsize=\dimen109
Package hyperref Info: Hyper figures OFF on input line 6298.
Package hyperref Info: Link nesting OFF on input line 6303.
Package hyperref Info: Hyper index ON on input line 6306.
Package hyperref Info: backreferencing OFF on input line 6313.
Package hyperref Info: Link coloring OFF on input line 6318.
Package hyperref Info: Link coloring with OCG OFF on input line 6323.
Package hyperref Info: PDF/A mode OFF on input line 6328.
LaTeX Info: Redefining \ref on input line 6368.
LaTeX Info: Redefining \pageref on input line 6372.
\Hy@abspage=\count98
\c@Item=\count99
\c@Hfootnote=\count100
)

Package hyperref Message: Driver (autodetected): hpdftex.

(/usr/local/texlive/2016/texmf-dist/tex/latex/hyperref/hpdftex.def
File: hpdftex.def 2016/05/05 v6.83n Hyperref driver for pdfTeX
\Fld@listcount=\count101
\c@bookmark@seq@number=\count102

(/usr/local/texlive/2016/texmf-dist/tex/latex/oberdiek/rerunfilecheck.sty
Package: rerunfilecheck 2016/05/16 v1.8 Rerun checks for auxiliary files (HO)
Package uniquecounter Info: New unique counter `rerunfilecheck' on input line 2
82.
)
\Hy@SectionHShift=\skip43
)
(/usr/local/texlive/2016/texmf-dist/tex/latex/amsmath/amsmath.sty
Package: amsmath 2016/03/10 v2.15b AMS math features
\@mathmargin=\skip44

For additional information on amsmath, use the `?' option.
(/usr/local/texlive/2016/texmf-dist/tex/latex/amsmath/amstext.sty
Package: amstext 2000/06/29 v2.01 AMS text

(/usr/local/texlive/2016/texmf-dist/tex/latex/amsmath/amsgen.sty
File: amsgen.sty 1999/11/30 v2.0 generic functions
\@emptytoks=\toks15
\ex@=\dimen110
))
(/usr/local/texlive/2016/texmf-dist/tex/latex/amsmath/amsbsy.sty
Package: amsbsy 1999/11/29 v1.2d Bold Symbols
\pmbraise@=\dimen111
)
(/usr/local/texlive/2016/texmf-dist/tex/latex/amsmath/amsopn.sty
Package: amsopn 2016/03/08 v2.02 operator names
)
\inf@bad=\count103
LaTeX Info: Redefining \frac on input line 199.
\uproot@=\count104
\leftroot@=\count105
LaTeX Info: Redefining \overline on input line 297.
\classnum@=\count106
\DOTSCASE@=\count107
LaTeX Info: Redefining \ldots on input line 394.
LaTeX Info: Redefining \dots on input line 397.
LaTeX Info: Redefining \cdots on input line 518.
\Mathstrutbox@=\box28
\strutbox@=\box29
\big@size=\dimen112
LaTeX Font Info:    Redeclaring font encoding OML on input line 634.
LaTeX Font Info:    Redeclaring font encoding OMS on input line 635.
\macc@depth=\count108
\c@MaxMatrixCols=\count109
\dotsspace@=\muskip11
\c@parentequation=\count110
\dspbrk@lvl=\count111
\tag@help=\toks16
\row@=\count112
\column@=\count113
\maxfields@=\count114
\andhelp@=\toks17
\eqnshift@=\dimen113
\alignsep@=\dimen114
\tagshift@=\dimen115
\tagwidth@=\dimen116
\totwidth@=\dimen117
\lineht@=\dimen118
\@envbody=\toks18
\multlinegap=\skip45
\multlinetaggap=\skip46
\mathdisplay@stack=\toks19
LaTeX Info: Redefining \[ on input line 2739.
LaTeX Info: Redefining \] on input line 2740.
)
(/usr/local/texlive/2016/texmf-dist/tex/latex/graphics/graphicx.sty
Package: graphicx 2014/10/28 v1.0g Enhanced LaTeX Graphics (DPC,SPQR)

(/usr/local/texlive/2016/texmf-dist/tex/latex/graphics/graphics.sty
Package: graphics 2016/05/09 v1.0r Standard LaTeX Graphics (DPC,SPQR)

(/usr/local/texlive/2016/texmf-dist/tex/latex/graphics/trig.sty
Package: trig 2016/01/03 v1.10 sin cos tan (DPC)
)
(/usr/local/texlive/2016/texmf-dist/tex/latex/graphics-cfg/graphics.cfg
File: graphics.cfg 2016/01/02 v1.10 sample graphics configuration
)
Package graphics Info: Driver file: pdftex.def on input line 96.
)
\Gin@req@height=\dimen119
\Gin@req@width=\dimen120
)
(/usr/local/texlive/2016/texmf-dist/tex/latex/listings/listings.sty
\lst@mode=\count115
\lst@gtempboxa=\box30
\lst@token=\toks20
\lst@length=\count116
\lst@currlwidth=\dimen121
\lst@column=\count117
\lst@pos=\count118
\lst@lostspace=\dimen122
\lst@width=\dimen123
\lst@newlines=\count119
\lst@lineno=\count120
\lst@maxwidth=\dimen124

(/usr/local/texlive/2016/texmf-dist/tex/latex/listings/lstmisc.sty
File: lstmisc.sty 2015/06/04 1.6 (Carsten Heinz)
\c@lstnumber=\count121
\lst@skipnumbers=\count122
\lst@framebox=\box31
)
(/usr/local/texlive/2016/texmf-dist/tex/latex/listings/listings.cfg
File: listings.cfg 2015/06/04 1.6 listings configuration
))
Package: listings 2015/06/04 1.6 (Carsten Heinz)

(/usr/local/texlive/2016/texmf-dist/tex/latex/subfig/subfig.sty
Package: subfig 2005/06/28 ver: 1.3 subfig package

(/usr/local/texlive/2016/texmf-dist/tex/latex/caption/caption.sty
Package: caption 2016/02/21 v3.3-144 Customizing captions (AR)

(/usr/local/texlive/2016/texmf-dist/tex/latex/caption/caption3.sty
Package: caption3 2016/02/04 v1.7-139 caption3 kernel (AR)
Package caption3 Info: TeX engine: e-TeX on input line 67.
\captionmargin=\dimen125
\captionmargin@=\dimen126
\captionwidth=\dimen127
\caption@tempdima=\dimen128
\caption@indent=\dimen129
\caption@parindent=\dimen130
\caption@hangindent=\dimen131
)
\c@ContinuedFloat=\count123
Package caption Info: hyperref package is loaded.
Package caption Info: listings package is loaded.
)
\c@KVtest=\count124
\sf@farskip=\skip47
\sf@captopadj=\dimen132
\sf@capskip=\skip48
\sf@nearskip=\skip49
\c@subfigure=\count125
\c@subfigure@save=\count126
\c@lofdepth=\count127
\c@subtable=\count128
\c@subtable@save=\count129
\c@lotdepth=\count130
\sf@top=\skip50
\sf@bottom=\skip51
)
(./document.aux

LaTeX Warning: Label `fig:P4' multiply defined.

)
\openout1 = `document.aux'.

LaTeX Font Info:    Checking defaults for OML/cmm/m/it on input line 40.
LaTeX Font Info:    ... okay on input line 40.
LaTeX Font Info:    Checking defaults for T1/cmr/m/n on input line 40.
LaTeX Font Info:    ... okay on input line 40.
LaTeX Font Info:    Checking defaults for OT1/cmr/m/n on input line 40.
LaTeX Font Info:    ... okay on input line 40.
LaTeX Font Info:    Checking defaults for OMS/cmsy/m/n on input line 40.
LaTeX Font Info:    ... okay on input line 40.
LaTeX Font Info:    Checking defaults for OMX/cmex/m/n on input line 40.
LaTeX Font Info:    ... okay on input line 40.
LaTeX Font Info:    Checking defaults for U/cmr/m/n on input line 40.
LaTeX Font Info:    ... okay on input line 40.
LaTeX Font Info:    Checking defaults for PD1/pdf/m/n on input line 40.
LaTeX Font Info:    ... okay on input line 40.
LaTeX Font Info:    Try loading font information for OT1+ptm on input line 40.
 (/usr/local/texlive/2016/texmf-dist/tex/latex/psnfss/ot1ptm.fd
File: ot1ptm.fd 2001/06/04 font definitions for OT1/ptm.
)
\AtBeginShipoutBox=\box32

(/usr/local/texlive/2016/texmf-dist/tex/context/base/mkii/supp-pdf.mkii
[Loading MPS to PDF converter (version 2006.09.02).]
\scratchcounter=\count131
\scratchdimen=\dimen133
\scratchbox=\box33
\nofMPsegments=\count132
\nofMParguments=\count133
\everyMPshowfont=\toks21
\MPscratchCnt=\count134
\MPscratchDim=\dimen134
\MPnumerator=\count135
\makeMPintoPDFobject=\count136
\everyMPtoPDFconversion=\toks22
)
Package hyperref Info: Link coloring OFF on input line 40.
 (/usr/local/texlive/2016/texmf-dist/tex/latex/hyperref/nameref.sty
Package: nameref 2012/10/27 v2.43 Cross-referencing by name of section

(/usr/local/texlive/2016/texmf-dist/tex/generic/oberdiek/gettitlestring.sty
Package: gettitlestring 2016/05/16 v1.5 Cleanup title references (HO)
)
\c@section@level=\count137
)
LaTeX Info: Redefining \ref on input line 40.
LaTeX Info: Redefining \pageref on input line 40.
LaTeX Info: Redefining \nameref on input line 40.

(./document.out) (./document.out)
\@outlinefile=\write3
\openout3 = `document.out'.


(/usr/local/texlive/2016/texmf-dist/tex/latex/oberdiek/epstopdf-base.sty
Package: epstopdf-base 2016/05/15 v2.6 Base part for package epstopdf

(/usr/local/texlive/2016/texmf-dist/tex/latex/oberdiek/grfext.sty
Package: grfext 2016/05/16 v1.2 Manage graphics extensions (HO)
)
Package grfext Info: Graphics extension search list:
(grfext)             [.png,.pdf,.jpg,.mps,.jpeg,.jbig2,.jb2,.PNG,.PDF,.JPG,.JPE
G,.JBIG2,.JB2,.eps]
(grfext)             \AppendGraphicsExtensions on input line 456.

(/usr/local/texlive/2016/texmf-dist/tex/latex/latexconfig/epstopdf-sys.cfg
File: epstopdf-sys.cfg 2010/07/13 v1.3 Configuration of (r)epstopdf for TeX Liv
e
))
\c@lstlisting=\count138
Package caption Info: Begin \AtBeginDocument code.
Package caption Info: subfig package v1.3 is loaded.
Package caption Info: End \AtBeginDocument code.
LaTeX Font Info:    Font shape `OT1/ptm/bx/n' in size <17.28> not available
(Font)              Font shape `OT1/ptm/b/n' tried instead on input line 42.
LaTeX Font Info:    Font shape `OT1/ptm/bx/n' in size <10> not available
(Font)              Font shape `OT1/ptm/b/n' tried instead on input line 42.
LaTeX Font Info:    Try loading font information for OT1+pcr on input line 42.

(/usr/local/texlive/2016/texmf-dist/tex/latex/psnfss/ot1pcr.fd
File: ot1pcr.fd 2001/06/04 font definitions for OT1/pcr.
)
LaTeX Font Info:    Font shape `OT1/ptm/bx/n' in size <12> not available
(Font)              Font shape `OT1/ptm/b/n' tried instead on input line 43.
 [1

{/usr/local/texlive/2016/texmf-var/fonts/map/pdftex/updmap/pdftex.map}]
<images/P1_2.png, id=85, 390.45876pt x 279.0425pt>
File: images/P1_2.png Graphic file (type png)
 <use images/P1_2.png>
Package pdftex.def Info: images/P1_2.png used on input line 98.
(pdftex.def)             Requested size: 180.67499pt x 129.11899pt.

<images/P1.png, id=87, 390.45876pt x 279.0425pt>
File: images/P1.png Graphic file (type png)
 <use images/P1.png>
Package pdftex.def Info: images/P1.png used on input line 100.
(pdftex.def)             Requested size: 180.67499pt x 129.11899pt.

<images/P2_2.png, id=88, 390.45876pt x 279.0425pt>
File: images/P2_2.png Graphic file (type png)
 <use images/P2_2.png>
Package pdftex.def Info: images/P2_2.png used on input line 107.
(pdftex.def)             Requested size: 180.67499pt x 129.11899pt.

<images/P2.png, id=89, 390.45876pt x 279.0425pt>
File: images/P2.png Graphic file (type png)
 <use images/P2.png>
Package pdftex.def Info: images/P2.png used on input line 109.
(pdftex.def)             Requested size: 180.67499pt x 129.11899pt.


LaTeX Warning: Reference `fig: P1' on page 2 undefined on input line 114.

[2 <./images/P1_2.png> <./images/P1.png>]

LaTeX Warning: Reference `fig: P1' on page 3 undefined on input line 117.


Underfull \hbox (badness 10000) in paragraph at lines 119--120

 []

<images/P3_2.png, id=105, 387.4475pt x 279.0425pt>
File: images/P3_2.png Graphic file (type png)
 <use images/P3_2.png>
Package pdftex.def Info: images/P3_2.png used on input line 123.
(pdftex.def)             Requested size: 180.67499pt x 130.12384pt.

<images/P3.png, id=106, 387.4475pt x 279.0425pt>
File: images/P3.png Graphic file (type png)
 <use images/P3.png>
Package pdftex.def Info: images/P3.png used on input line 125.
(pdftex.def)             Requested size: 180.67499pt x 130.12384pt.

<images/P4_2.png, id=107, 255.95625pt x 252.945pt>
File: images/P4_2.png Graphic file (type png)
 <use images/P4_2.png>
Package pdftex.def Info: images/P4_2.png used on input line 135.
(pdftex.def)             Requested size: 108.405pt x 107.12775pt.

<images/P4.png, id=108, 255.95625pt x 252.945pt>
File: images/P4.png Graphic file (type png)
 <use images/P4.png>
Package pdftex.def Info: images/P4.png used on input line 137.
(pdftex.def)             Requested size: 108.405pt x 107.12775pt.

<images/P5.png, id=109, 255.95625pt x 252.945pt>
File: images/P5.png Graphic file (type png)
 <use images/P5.png>
Package pdftex.def Info: images/P5.png used on input line 139.
(pdftex.def)             Requested size: 108.405pt x 107.12775pt.


LaTeX Warning: Reference `fig: P5' on page 3 undefined on input line 144.


Underfull \vbox (badness 6608) has occurred while \output is active []

 [3 <./images/P2_2.png> <./images/P2.png> <./images/P3_2.png> <./images/P3.png>
]
<images/P7.png, id=126, 387.4475pt x 279.0425pt>
File: images/P7.png Graphic file (type png)
 <use images/P7.png>
Package pdftex.def Info: images/P7.png used on input line 186.
(pdftex.def)             Requested size: 108.405pt x 78.07175pt.

<images/P7_2.png, id=127, 387.4475pt x 279.0425pt>
File: images/P7_2.png Graphic file (type png)
 <use images/P7_2.png>
Package pdftex.def Info: images/P7_2.png used on input line 188.
(pdftex.def)             Requested size: 108.405pt x 78.07175pt.

<images/P7_3.png, id=128, 387.4475pt x 279.0425pt>
File: images/P7_3.png Graphic file (type png)
 <use images/P7_3.png>
Package pdftex.def Info: images/P7_3.png used on input line 190.
(pdftex.def)             Requested size: 108.405pt x 78.07175pt.

<images/P7_4.png, id=129, 387.4475pt x 279.0425pt>
File: images/P7_4.png Graphic file (type png)
 <use images/P7_4.png>
Package pdftex.def Info: images/P7_4.png used on input line 192.
(pdftex.def)             Requested size: 108.405pt x 78.07175pt.

<images/P7_5.png, id=130, 387.4475pt x 279.0425pt>
File: images/P7_5.png Graphic file (type png)
 <use images/P7_5.png>
Package pdftex.def Info: images/P7_5.png used on input line 194.
(pdftex.def)             Requested size: 108.405pt x 78.07175pt.

<images/P7_7.png, id=131, 387.4475pt x 279.0425pt>
File: images/P7_7.png Graphic file (type png)
 <use images/P7_7.png>
Package pdftex.def Info: images/P7_7.png used on input line 196.
(pdftex.def)             Requested size: 108.405pt x 78.07175pt.

<images/P8.png, id=132, 387.4475pt x 279.0425pt>
File: images/P8.png Graphic file (type png)
 <use images/P8.png>
Package pdftex.def Info: images/P8.png used on input line 203.
(pdftex.def)             Requested size: 108.405pt x 78.07175pt.

<images/P8_2.png, id=133, 387.4475pt x 279.0425pt>
File: images/P8_2.png Graphic file (type png)
 <use images/P8_2.png>
Package pdftex.def Info: images/P8_2.png used on input line 205.
(pdftex.def)             Requested size: 108.405pt x 78.07175pt.

<images/P8_3.png, id=134, 387.4475pt x 279.0425pt>
File: images/P8_3.png Graphic file (type png)
 <use images/P8_3.png>
Package pdftex.def Info: images/P8_3.png used on input line 207.
(pdftex.def)             Requested size: 108.405pt x 78.07175pt.

<images/P8_4.png, id=135, 387.4475pt x 279.0425pt>
File: images/P8_4.png Graphic file (type png)
 <use images/P8_4.png>
Package pdftex.def Info: images/P8_4.png used on input line 209.
(pdftex.def)             Requested size: 108.405pt x 78.07175pt.

<images/P8_5.png, id=136, 387.4475pt x 279.0425pt>
File: images/P8_5.png Graphic file (type png)
 <use images/P8_5.png>
Package pdftex.def Info: images/P8_5.png used on input line 211.
(pdftex.def)             Requested size: 108.405pt x 78.07175pt.

<images/P8_7.png, id=137, 387.4475pt x 279.0425pt>
File: images/P8_7.png Graphic file (type png)
 <use images/P8_7.png>
Package pdftex.def Info: images/P8_7.png used on input line 213.
(pdftex.def)             Requested size: 108.405pt x 78.07175pt.

<images/P6.png, id=139, 387.4475pt x 279.0425pt>
File: images/P6.png Graphic file (type png)
 <use images/P6.png>
Package pdftex.def Info: images/P6.png used on input line 223.
(pdftex.def)             Requested size: 180.67499pt x 130.12384pt.

<images/P6_2.png, id=140, 387.4475pt x 279.0425pt>
File: images/P6_2.png Graphic file (type png)
 <use images/P6_2.png>
Package pdftex.def Info: images/P6_2.png used on input line 225.
(pdftex.def)             Requested size: 180.67499pt x 130.12384pt.

<images/P9.png, id=141, 397.485pt x 279.0425pt>
File: images/P9.png Graphic file (type png)
 <use images/P9.png>
Package pdftex.def Info: images/P9.png used on input line 237.
(pdftex.def)             Requested size: 180.67499pt x 126.84105pt.

<images/P9_2.png, id=142, 393.47pt x 279.0425pt>
File: images/P9_2.png Graphic file (type png)
 <use images/P9_2.png>
Package pdftex.def Info: images/P9_2.png used on input line 239.
(pdftex.def)             Requested size: 180.67499pt x 128.13118pt.
 [4 <./images/P4_2.png> <./images/P4.png> <./images/P5.png>] [5 <./images/P7.pn
g> <./images/P7_2.png> <./images/P7_3.png> <./images/P7_4.png> <./images/P7_5.p
ng> <./images/P7_7.png> <./images/P8.png> <./images/P8_2.png> <./images/P8_3.pn
g> <./images/P8_4.png> <./images/P8_5.png> <./images/P8_7.png>]
<images/P10_7.png, id=188, 255.95625pt x 252.945pt>
File: images/P10_7.png Graphic file (type png)
 <use images/P10_7.png>
Package pdftex.def Info: images/P10_7.png used on input line 249.
(pdftex.def)             Requested size: 72.26999pt x 71.41849pt.

Underfull \hbox (badness 10000) in paragraph at lines 249--249
[]\OT1/ptm/m/n/9 (a) |weights when
 []

<images/P10.png, id=189, 255.95625pt x 252.945pt>
File: images/P10.png Graphic file (type png)
 <use images/P10.png>
Package pdftex.def Info: images/P10.png used on input line 251.
(pdftex.def)             Requested size: 72.26999pt x 71.41849pt.

Underfull \hbox (badness 10000) in paragraph at lines 251--251
[]\OT1/ptm/m/n/9 (b) |weights when
 []

<images/P10_2.png, id=190, 255.95625pt x 252.945pt>
File: images/P10_2.png Graphic file (type png)
 <use images/P10_2.png>
Package pdftex.def Info: images/P10_2.png used on input line 253.
(pdftex.def)             Requested size: 72.26999pt x 71.41849pt.

Underfull \hbox (badness 10000) in paragraph at lines 253--253
[]\OT1/ptm/m/n/9 (c) |weights when
 []

<images/P10_3.png, id=191, 255.95625pt x 252.945pt>
File: images/P10_3.png Graphic file (type png)
 <use images/P10_3.png>
Package pdftex.def Info: images/P10_3.png used on input line 255.
(pdftex.def)             Requested size: 72.26999pt x 71.41849pt.

Underfull \hbox (badness 10000) in paragraph at lines 255--255
[]\OT1/ptm/m/n/9 (d) |weights when
 []


Underfull \hbox (badness 10000) in paragraph at lines 255--255
\OT1/ptm/m/n/9 lambda = 0.0001
 []

<images/P10_8.png, id=192, 255.95625pt x 252.945pt>
File: images/P10_8.png Graphic file (type png)
 <use images/P10_8.png>
Package pdftex.def Info: images/P10_8.png used on input line 257.
(pdftex.def)             Requested size: 72.26999pt x 71.41849pt.

Underfull \hbox (badness 10000) in paragraph at lines 257--257
[]\OT1/ptm/m/n/9 (e) |weights when
 []

<images/P10_4.png, id=193, 255.95625pt x 252.945pt>
File: images/P10_4.png Graphic file (type png)
 <use images/P10_4.png>
Package pdftex.def Info: images/P10_4.png used on input line 259.
(pdftex.def)             Requested size: 72.26999pt x 71.41849pt.

Underfull \hbox (badness 10000) in paragraph at lines 259--259
[]\OT1/ptm/m/n/9 (f) |weights when
 []

<images/P10_5.png, id=194, 255.95625pt x 252.945pt>
File: images/P10_5.png Graphic file (type png)
 <use images/P10_5.png>
Package pdftex.def Info: images/P10_5.png used on input line 261.
(pdftex.def)             Requested size: 72.26999pt x 71.41849pt.

Underfull \hbox (badness 10000) in paragraph at lines 261--261
[]\OT1/ptm/m/n/9 (g) |weights when
 []

<images/P10_6.png, id=195, 255.95625pt x 252.945pt>
File: images/P10_6.png Graphic file (type png)
 <use images/P10_6.png>
Package pdftex.def Info: images/P10_6.png used on input line 263.
(pdftex.def)             Requested size: 72.26999pt x 71.41849pt.

Underfull \hbox (badness 10000) in paragraph at lines 263--263
[]\OT1/ptm/m/n/9 (h) |weights when
 []


Underfull \hbox (badness 10000) in paragraph at lines 263--263
\OT1/ptm/m/n/9 lambda = 0.0001
 []


Underfull \vbox (badness 1681) has occurred while \output is active []

 [6 <./images/P6.png> <./images/P6_2.png> <./images/P9.png> <./images/P9_2.png>
]
Underfull \hbox (badness 10000) in paragraph at lines 314--316

 []

[7 <./images/P10_7.png> <./images/P10.png> <./images/P10_2.png> <./images/P10_3
.png> <./images/P10_8.png> <./images/P10_4.png> <./images/P10_5.png> <./images/
P10_6.png>]
Underfull \hbox (badness 10000) in paragraph at lines 352--354

 []


Underfull \hbox (badness 10000) in paragraph at lines 355--357

 []


Underfull \hbox (badness 10000) in paragraph at lines 358--361

 []


Underfull \hbox (badness 10000) in paragraph at lines 365--366

 []

<../softmax/figs/loss.png, id=240, 462.528pt x 346.896pt>
File: ../softmax/figs/loss.png Graphic file (type png)

<use ../softmax/figs/loss.png>
Package pdftex.def Info: ../softmax/figs/loss.png used on input line 375.
(pdftex.def)             Requested size: 180.67499pt x 135.5059pt.

<../softmax/figs/accuracy.png, id=241, 462.528pt x 346.896pt>
File: ../softmax/figs/accuracy.png Graphic file (type png)

<use ../softmax/figs/accuracy.png>
Package pdftex.def Info: ../softmax/figs/accuracy.png used on input line 379.
(pdftex.def)             Requested size: 180.67499pt x 135.5059pt.

<../softmax/figs/image_of_weights_and_digits.png, id=242, 433.62pt x 144.54pt>
File: ../softmax/figs/image_of_weights_and_digits.png Graphic file (type png)

<use ../softmax/figs/image_of_weights_and_digits.png>
Package pdftex.def Info: ../softmax/figs/image_of_weights_and_digits.png used o
n input line 385.
(pdftex.def)             Requested size: 187.90198pt x 86.72244pt.
 [8]
Underfull \vbox (badness 10000) has occurred while \output is active []

 [9 <../softmax/figs/loss.png> <../softmax/figs/accuracy.png> <../softmax/figs/
image_of_weights_and_digits.png>]
(/usr/local/texlive/2016/texmf-dist/tex/latex/listings/lstlang1.sty
File: lstlang1.sty 2015/06/04 1.6 listings language file
)
Overfull \hbox (934.52856pt too wide) in paragraph at lines 423--425
[][][][][][][][][][][][][][][][][][][][][][][][][][][][][][][][][][][][][][][][
][][][][][][][][] 
 []


Overfull \hbox (106.52014pt too wide) in paragraph at lines 425--426
[][][][][][][][][][][][][][][][][][][][][][][][] 
 []


Overfull \hbox (106.52014pt too wide) in paragraph at lines 429--430
[][][][][][][][][][][][][][][][][][][][][][][][] 
 []


Overfull \hbox (34.51941pt too wide) in paragraph at lines 446--447
[][][][][][][][][][][][][][][][][][][][][][][][][][][][][][][][][] 
 []

LaTeX Font Info:    Try loading font information for OMS+ptm on input line 450.

(/usr/local/texlive/2016/texmf-dist/tex/latex/psnfss/omsptm.fd
File: omsptm.fd 
)
LaTeX Font Info:    Font shape `OMS/ptm/m/n' in size <10> not available
(Font)              Font shape `OMS/cmsy/m/n' tried instead on input line 450.
 [10]
Overfull \hbox (34.51941pt too wide) in paragraph at lines 456--457
[][][][][][][][][][][][][][][][][][][][][][][][][][][][][][][][][] 
 []


Overfull \hbox (124.52032pt too wide) in paragraph at lines 460--462
[][][][][][][][][][][][][][][][][][][][][] 
 []

LaTeX Font Info:    Try loading font information for OML+ptm on input line 462.

(/usr/local/texlive/2016/texmf-dist/tex/latex/psnfss/omlptm.fd
File: omlptm.fd 
)
LaTeX Font Info:    Font shape `OML/ptm/m/n' in size <10> not available
(Font)              Font shape `OML/cmm/m/it' tried instead on input line 462.

Overfull \hbox (4.5191pt too wide) in paragraph at lines 489--490
[][][][][][][][][][][][][][][][][][][][][][][][][][][][][][][] 
 []


Overfull \hbox (124.52032pt too wide) in paragraph at lines 499--501
[][][][][][][][][][][][][][][][][][][][][] 
 []


Overfull \hbox (4.5191pt too wide) in paragraph at lines 514--515
[][][][][][][][][][][][][][][][][][][][][][] 
 []


Underfull \vbox (badness 10000) has occurred while \output is active []

 [11]
Overfull \hbox (64.51971pt too wide) in paragraph at lines 515--516
[][][][][][][][][][][][][][][][][][][][][][][][][][][][] 
 []


Overfull \hbox (4.5191pt too wide) in paragraph at lines 516--517
[][][][][][][][][][][][][][][][][][][][][][] 
 []


Overfull \hbox (64.51971pt too wide) in paragraph at lines 517--519
[][][][][][][][][][][][][][][][][][][][][][][][][][][][] 
 []


Overfull \hbox (34.51941pt too wide) in paragraph at lines 521--522
[][][][][][][][][][][][][][][][][][][][][][][][][][][][][][][][][] 
 []


Overfull \hbox (52.51959pt too wide) in paragraph at lines 524--525
[][][][][][][][][][][][][][][][][][][][][] 
 []


Overfull \hbox (34.51941pt too wide) in paragraph at lines 529--530
[][][][][][][][][][][][][][][][][][][][][][][][][][][][][][][][][] 
 []


Overfull \hbox (52.51959pt too wide) in paragraph at lines 532--534
[][][][][][][][][][][][][][][][][][][][][] 
 []


Overfull \hbox (952.52875pt too wide) in paragraph at lines 537--539
[][][][][][][][][][][][][][][][][][][][][][][][][][][][][][][][][][][][][][][][
][][][][][][][][] 
 []


Overfull \hbox (100.52008pt too wide) in paragraph at lines 564--565
[][][][][][][][][][][][][][][][][][][][][] 
 []


Underfull \hbox (badness 10000) in paragraph at lines 568--569
[][][][][][][][][][][][][][][][][][][][]
 []


Underfull \vbox (badness 10000) has occurred while \output is active []

 [12]
Overfull \hbox (34.51941pt too wide) in paragraph at lines 574--575
[][][][][][][][][][][][][][][][][][][][][][][][][][][][][][][][][] 
 []


Overfull \hbox (52.51959pt too wide) in paragraph at lines 577--578
[][][][][][][][][][][][][][][][][][][][][] 
 []


Underfull \hbox (badness 10000) in paragraph at lines 582--583
[][][][][][][][][][][][][][][][][][][][][][][][]
 []


Overfull \hbox (34.51941pt too wide) in paragraph at lines 588--589
[][][][][][][][][][][][][][][][][][][][][][][][][][][][][][][][][] 
 []


Overfull \hbox (124.52032pt too wide) in paragraph at lines 591--592
[][][][][][][][][][][][][][][][][][][][][] 
 []


Overfull \hbox (4.5191pt too wide) in paragraph at lines 595--596
[][][][][][][][][][][][][][][][][][][][]
 []


Overfull \hbox (82.5199pt too wide) in paragraph at lines 604--605
[][][][][][][][][][][][][][][][][][][][][][][][][][][][][][][][][][][][] 
 []


Overfull \hbox (154.52063pt too wide) in paragraph at lines 614--615
[][][][][][][][][][][][][][][][][][][][][][][][][][][][][][][][][][][][] 
 []


Underfull \vbox (badness 10000) has occurred while \output is active []

 [13]
Overfull \hbox (40.51947pt too wide) in paragraph at lines 635--636
[][][][][][][][][][][][][][][][][][][][][][][][][][][][][][][] 
 []


Overfull \hbox (58.51965pt too wide) in paragraph at lines 638--639
[][][][][][][][][][][][][][][][][][][][][][][][][][][][][][][] 
 []


Overfull \hbox (10.51917pt too wide) in paragraph at lines 652--653
[][][][][][][][][][][][][][][][][][][][][] 
 []


Overfull \hbox (58.51965pt too wide) in paragraph at lines 656--657
[][][][][][][][][][][][][][][][][][][][][][] 
 []


Overfull \hbox (4.5191pt too wide) in paragraph at lines 675--677
[][][][][][][][][][][][][][][][][][][][][][][][][][]
 []


Overfull \hbox (940.52863pt too wide) in paragraph at lines 682--684
[][][][][][][][][][][][][][][][][][][][][][][][][][][][][][][][][][][][][][][][
][][][][][][] 
 []


Overfull \hbox (928.5285pt too wide) in paragraph at lines 685--688
[][][][][][][][][][][][][][][][][][][][][][][][][][][][][][][][][][][][][][][][
][][][][][][][] 
 []

Package atveryend Info: Empty hook `BeforeClearDocument' on input line 690.
[14]
Package atveryend Info: Empty hook `AfterLastShipout' on input line 690.
 (./document.aux)
Package atveryend Info: Executing hook `AtVeryEndDocument' on input line 690.
Package atveryend Info: Executing hook `AtEndAfterFileList' on input line 690.
Package rerunfilecheck Info: File `document.out' has not changed.
(rerunfilecheck)             Checksum: CDA977CA3546816B66FFEE279A626B90;1071.


LaTeX Warning: There were undefined references.


LaTeX Warning: There were multiply-defined labels.

Package atveryend Info: Empty hook `AtVeryVeryEnd' on input line 690.
 ) 
Here is how much of TeX's memory you used:
 9562 strings out of 493014
 142807 string characters out of 6133352
 290881 words of memory out of 5000000
 12602 multiletter control sequences out of 15000+600000
 16920 words of font info for 35 fonts, out of 8000000 for 9000
 1141 hyphenation exceptions out of 8191
 44i,17n,49p,952b,1786s stack positions out of 5000i,500n,10000p,200000b,80000s
{/usr/local/texlive/2016/texmf-dist/fonts/enc/dvips/base/8r.enc}</usr/local/t
exlive/2016/texmf-dist/fonts/type1/public/amsfonts/cm/cmex10.pfb></usr/local/te
xlive/2016/texmf-dist/fonts/type1/public/amsfonts/cm/cmmi10.pfb></usr/local/tex
live/2016/texmf-dist/fonts/type1/public/amsfonts/cm/cmmi5.pfb></usr/local/texli
ve/2016/texmf-dist/fonts/type1/public/amsfonts/cm/cmmi7.pfb></usr/local/texlive
/2016/texmf-dist/fonts/type1/public/amsfonts/cm/cmr10.pfb></usr/local/texlive/2
016/texmf-dist/fonts/type1/public/amsfonts/cm/cmr5.pfb></usr/local/texlive/2016
/texmf-dist/fonts/type1/public/amsfonts/cm/cmr7.pfb></usr/local/texlive/2016/te
xmf-dist/fonts/type1/public/amsfonts/cm/cmsy10.pfb></usr/local/texlive/2016/tex
mf-dist/fonts/type1/public/amsfonts/cm/cmsy5.pfb></usr/local/texlive/2016/texmf
-dist/fonts/type1/public/amsfonts/cm/cmsy7.pfb></usr/local/texlive/2016/texmf-d
ist/fonts/type1/urw/courier/ucrr8a.pfb></usr/local/texlive/2016/texmf-dist/font
s/type1/urw/times/utmb8a.pfb></usr/local/texlive/2016/texmf-dist/fonts/type1/ur
w/times/utmr8a.pfb></usr/local/texlive/2016/texmf-dist/fonts/type1/urw/times/ut
mri8a.pfb>
Output written on document.pdf (14 pages, 694953 bytes).
PDF statistics:
 693 PDF objects out of 1000 (max. 8388607)
 585 compressed objects within 6 object streams
 372 named destinations out of 1000 (max. 500000)
 309 words of extra memory for PDF output out of 10000 (max. 10000000)

